#----------------------------------------
# JasperGold Version Info
# tool      : JasperGold 2015.09
# platform  : Linux 2.6.32-696.23.1.el6.x86_64
# version   : 2015.09 FCS 64 bits
# build date: 2015.09.29 22:07:32 PDT
#----------------------------------------
# started Sun Apr 08 20:07:22 CDT 2018
# hostname  : wario
# pid       : 16560
# arguments : '-label' 'session_0' '-console' 'wario:46849' '-style' 'windows' '-proj' '/home/ecelrc/students/anarkhede/verif/project/jgproject/sessionLogs/session_0' '-init' '-hidden' '/home/ecelrc/students/anarkhede/verif/project/jgproject/.tmp/.initCmds.tcl'

Any disclosure about the Cadence Design Systems software or its use
model to any third party violates the written Non-Disclosure Agreement
between Cadence Design Systems, Inc. and the customer.

THIS SOFTWARE CONTAINS CONFIDENTIAL INFORMATION AND TRADE SECRETS OF
CADENCE DESIGN SYSTEMS, INC. USE, DISCLOSURE, OR REPRODUCTION IS
PROHIBITED WITHOUT THE PRIOR EXPRESS WRITTEN PERMISSION OF CADENCE
DESIGN SYSTEMS, INC.

Copyright (C) 2000-2015 Cadence Design Systems, Inc. All Rights
Reserved.  Unpublished -- rights reserved under the copyright laws of
the United States.

This product includes software developed by others and redistributed
according to license agreement. See doc/third_party_readme.txt for
further details.

RESTRICTED RIGHTS LEGEND

Use, duplication, or disclosure by the Government is subject to
restrictions as set forth in subparagraph (c) (1) (ii) of the Rights in
Technical Data and Computer Software clause at DFARS 252.227-7013 or
subparagraphs (c) (1) and (2) of Commercial Computer Software -- Restricted
Rights at 48 CFR 52.227-19, as applicable.


                          Cadence Design Systems, Inc. 
                          2655 Seely Avenue
                          San Jose, CA 95134
                          Phone: 408.943.1234

For technical assistance visit http://support.cadence.com.

JasperGold Apps Analysis Session - /home/ecelrc/students/anarkhede/verif/project/jgproject/sessionLogs/session_0

INFO: successfully checked out licenses "jasper_interactive" and "jasper_fpv".
INFO: reading configuration file "/home/ecelrc/students/anarkhede/.config/jasper/jaspergold.conf".
